  GameObject.cpp
D:\윤태웅\SKKU\CoMit\스터디\20 게임\DemoGame\DemoGame\Game.h(7,12): error C2011:  'Game': 'class' type redefinition
  main.cpp
  Game.cpp
D:\윤태웅\SKKU\CoMit\스터디\20 게임\DemoGame\DemoGame\Game.h(7): message :  see declaration of 'Game'
D:\윤태웅\SKKU\CoMit\스터디\20 게임\DemoGame\DemoGame\Game.h(7,12): error C2011:  'Game': 'class' type redefinition
D:\윤태웅\SKKU\CoMit\스터디\20 게임\DemoGame\DemoGame\Game.h(7): message :  see declaration of 'Game'
D:\윤태웅\SKKU\CoMit\스터디\20 게임\DemoGame\DemoGame\Game.cpp(14,7): error C2027:  use of undefined type 'Game'
D:\윤태웅\SKKU\CoMit\스터디\20 게임\DemoGame\DemoGame\Game.h(7): message :  see declaration of 'Game'
D:\윤태웅\SKKU\CoMit\스터디\20 게임\DemoGame\DemoGame\Game.cpp(14,14): error C4430:  missing type specifier - int assumed. Note: C++ does not support default-int
D:\윤태웅\SKKU\CoMit\스터디\20 게임\DemoGame\DemoGame\Game.cpp(16,1): warning C4508:  '{ctor}': function should return a value; 'void' return type assumed
D:\윤태웅\SKKU\CoMit\스터디\20 게임\DemoGame\DemoGame\Game.cpp(17,8): error C2027:  use of undefined type 'Game'
D:\윤태웅\SKKU\CoMit\스터디\20 게임\DemoGame\DemoGame\Game.h(7): message :  see declaration of 'Game'
D:\윤태웅\SKKU\CoMit\스터디\20 게임\DemoGame\DemoGame\Game.cpp(17,15): error C4430:  missing type specifier - int assumed. Note: C++ does not support default-int
D:\윤태웅\SKKU\CoMit\스터디\20 게임\DemoGame\DemoGame\Game.cpp(19,1): warning C4508:  '{dtor}': function should return a value; 'void' return type assumed
D:\윤태웅\SKKU\CoMit\스터디\20 게임\DemoGame\DemoGame\Game.cpp(21,12): error C2027:  use of undefined type 'Game'
D:\윤태웅\SKKU\CoMit\스터디\20 게임\DemoGame\DemoGame\Game.h(7): message :  see declaration of 'Game'
D:\윤태웅\SKKU\CoMit\스터디\20 게임\DemoGame\DemoGame\Game.cpp(31,3): error C2065:  'window': undeclared identifier
D:\윤태웅\SKKU\CoMit\스터디\20 게임\DemoGame\DemoGame\Game.cpp(32,7): error C2065:  'window': undeclared identifier
D:\윤태웅\SKKU\CoMit\스터디\20 게임\DemoGame\DemoGame\Game.cpp(35,3): error C2065:  'renderer': undeclared identifier
D:\윤태웅\SKKU\CoMit\스터디\20 게임\DemoGame\DemoGame\Game.cpp(35,33): error C2065:  'window': undeclared identifier
D:\윤태웅\SKKU\CoMit\스터디\20 게임\DemoGame\DemoGame\Game.cpp(36,7): error C2065:  'renderer': undeclared identifier
D:\윤태웅\SKKU\CoMit\스터디\20 게임\DemoGame\DemoGame\Game.cpp(37,27): error C2065:  'renderer': undeclared identifier
D:\윤태웅\SKKU\CoMit\스터디\20 게임\DemoGame\DemoGame\Game.cpp(41,3): error C2065:  'isRunning': undeclared identifier
D:\윤태웅\SKKU\CoMit\스터디\20 게임\DemoGame\DemoGame\Game.cpp(44,3): error C2065:  'isRunning': undeclared identifier
D:\윤태웅\SKKU\CoMit\스터디\20 게임\DemoGame\DemoGame\Game.cpp(55,51): error C2065:  'renderer': undeclared identifier
D:\윤태웅\SKKU\CoMit\스터디\20 게임\DemoGame\DemoGame\Game.cpp(58,12): error C2027:  use of undefined type 'Game'
D:\윤태웅\SKKU\CoMit\스터디\20 게임\DemoGame\DemoGame\Game.h(7): message :  see declaration of 'Game'
D:\윤태웅\SKKU\CoMit\스터디\20 게임\DemoGame\DemoGame\Game.cpp(63,3): error C2065:  'isRunning': undeclared identifier
D:\윤태웅\SKKU\CoMit\스터디\20 게임\DemoGame\DemoGame\Game.cpp(71,12): error C2027:  use of undefined type 'Game'
D:\윤태웅\SKKU\CoMit\스터디\20 게임\DemoGame\DemoGame\Game.h(7): message :  see declaration of 'Game'
D:\윤태웅\SKKU\CoMit\스터디\20 게임\DemoGame\DemoGame\Game.cpp(72,2): error C2065:  'cnt': undeclared identifier
D:\윤태웅\SKKU\CoMit\스터디\20 게임\DemoGame\DemoGame\Game.cpp(78,22): error C2065:  'cnt': undeclared identifier
D:\윤태웅\SKKU\CoMit\스터디\20 게임\DemoGame\DemoGame\Game.cpp(81,12): error C2027:  use of undefined type 'Game'
D:\윤태웅\SKKU\CoMit\스터디\20 게임\DemoGame\DemoGame\Game.h(7): message :  see declaration of 'Game'
D:\윤태웅\SKKU\CoMit\스터디\20 게임\DemoGame\DemoGame\Game.cpp(82,18): error C2065:  'renderer': undeclared identifier
D:\윤태웅\SKKU\CoMit\스터디\20 게임\DemoGame\DemoGame\Game.cpp(85,20): error C2065:  'renderer': undeclared identifier
D:\윤태웅\SKKU\CoMit\스터디\20 게임\DemoGame\DemoGame\Game.cpp(88,12): error C2027:  use of undefined type 'Game'
D:\윤태웅\SKKU\CoMit\스터디\20 게임\DemoGame\DemoGame\Game.h(7): message :  see declaration of 'Game'
D:\윤태웅\SKKU\CoMit\스터디\20 게임\DemoGame\DemoGame\Game.cpp(89,20): error C2065:  'window': undeclared identifier
  TextureManager.cpp
  Generating Code...
D:\윤태웅\SKKU\CoMit\스터디\20 게임\DemoGame\DemoGame\Game.cpp(90,22): error C2065:  'renderer': undeclared identifier
