C:\Program Files (x86)\Microsoft Visual Studio\2019\Community\MSBuild\Microsoft\VC\v160\Microsoft.CppBuild.targets(438,5): warning MSB8004: Output Directory does not end with a trailing slash.  This build instance will add the slash as it is required to allow proper evaluation of the Output Directory.
  Game.cpp
D:\윤태웅\SKKU\CoMit\스터디\20 게임\DemoGame\DemoGame\ECS\TransformComponent.h(26,11): warning C4244:  '=': conversion from 'int' to 'float', possible loss of data
D:\윤태웅\SKKU\CoMit\스터디\20 게임\DemoGame\DemoGame\ECS\SpriteComponent.h(38,33): warning C4244:  '=': conversion from 'float' to 'int', possible loss of data
D:\윤태웅\SKKU\CoMit\스터디\20 게임\DemoGame\DemoGame\ECS\SpriteComponent.h(39,34): warning C4244:  '=': conversion from 'float' to 'int', possible loss of data
D:\윤태웅\SKKU\CoMit\스터디\20 게임\DemoGame\DemoGame\ECS\ColliderComponent.h(28,33): warning C4244:  '=': conversion from 'float' to 'int', possible loss of data
D:\윤태웅\SKKU\CoMit\스터디\20 게임\DemoGame\DemoGame\ECS\ColliderComponent.h(29,34): warning C4244:  '=': conversion from 'float' to 'int', possible loss of data
D:\윤태웅\SKKU\CoMit\스터디\20 게임\DemoGame\DemoGame\ECS\ECS.h(67,33): warning C4244:  'argument': conversion from '_Ty' to 'float', possible loss of data
D:\윤태웅\SKKU\CoMit\스터디\20 게임\DemoGame\DemoGame\ECS\ECS.h(67,33): warning C4244:         with
D:\윤태웅\SKKU\CoMit\스터디\20 게임\DemoGame\DemoGame\ECS\ECS.h(67,33): warning C4244:         [
D:\윤태웅\SKKU\CoMit\스터디\20 게임\DemoGame\DemoGame\ECS\ECS.h(67,33): warning C4244:             _Ty=double
D:\윤태웅\SKKU\CoMit\스터디\20 게임\DemoGame\DemoGame\ECS\ECS.h(67,33): warning C4244:         ]
D:\윤태웅\SKKU\CoMit\스터디\20 게임\DemoGame\DemoGame\Game.cpp(66): message :  see reference to function template instantiation 'T &Entity::addComponent<TransformComponent,int,int,int,int,double>(int &&,int &&,int &&,int &&,double &&)' being compiled
D:\윤태웅\SKKU\CoMit\스터디\20 게임\DemoGame\DemoGame\Game.cpp(66): message :         with
D:\윤태웅\SKKU\CoMit\스터디\20 게임\DemoGame\DemoGame\Game.cpp(66): message :         [
D:\윤태웅\SKKU\CoMit\스터디\20 게임\DemoGame\DemoGame\Game.cpp(66): message :             T=TransformComponent
D:\윤태웅\SKKU\CoMit\스터디\20 게임\DemoGame\DemoGame\Game.cpp(66): message :         ]
D:\윤태웅\SKKU\CoMit\스터디\20 게임\DemoGame\DemoGame\ECS\ECS.h(67,33): warning C4244:  'argument': conversion from '_Ty' to 'float', possible loss of data
D:\윤태웅\SKKU\CoMit\스터디\20 게임\DemoGame\DemoGame\ECS\ECS.h(67,33): warning C4244:         with
D:\윤태웅\SKKU\CoMit\스터디\20 게임\DemoGame\DemoGame\ECS\ECS.h(67,33): warning C4244:         [
D:\윤태웅\SKKU\CoMit\스터디\20 게임\DemoGame\DemoGame\ECS\ECS.h(67,33): warning C4244:             _Ty=int
D:\윤태웅\SKKU\CoMit\스터디\20 게임\DemoGame\DemoGame\ECS\ECS.h(67,33): warning C4244:         ]
  DemoGame.vcxproj -> D:\윤태웅\SKKU\CoMit\스터디\20 게임\DemoGame\DemoGame\.\Output\DemoGame.exe
