  Collision.cpp
c:\dev\lastproject\lastproject\spritecomponent.h(88): error C2660: 'TextureManager::Draw': 함수는 4개의 매개 변수를 사용하지 않습니다.
  c:\dev\lastproject\lastproject\texturemanager.h(9): note: 'TextureManager::Draw' 선언을 참조하십시오.
c:\dev\lastproject\lastproject\tilecomponent.h(25): warning C4244: '=': 'int'에서 'float'(으)로 변환하면서 데이터가 손실될 수 있습니다.
c:\dev\lastproject\lastproject\tilecomponent.h(26): warning C4244: '=': 'int'에서 'float'(으)로 변환하면서 데이터가 손실될 수 있습니다.
c:\dev\lastproject\lastproject\tilecomponent.h(39): warning C4244: '=': 'float'에서 'int'(으)로 변환하면서 데이터가 손실될 수 있습니다.
c:\dev\lastproject\lastproject\tilecomponent.h(40): warning C4244: '=': 'float'에서 'int'(으)로 변환하면서 데이터가 손실될 수 있습니다.
c:\dev\lastproject\lastproject\tilecomponent.h(45): error C2660: 'TextureManager::Draw': 함수는 4개의 매개 변수를 사용하지 않습니다.
  c:\dev\lastproject\lastproject\texturemanager.h(9): note: 'TextureManager::Draw' 선언을 참조하십시오.
  ECS.cpp
c:\dev\lastproject\lastproject\ecs.cpp(3): error C2039: 'addGroup': 'Entity'의 멤버가 아닙니다.
  c:\dev\lastproject\lastproject\ecs.h(43): note: 'Entity' 선언을 참조하십시오.
c:\dev\lastproject\lastproject\ecs.cpp(3): error C2065: 'Group': 선언되지 않은 식별자입니다.
c:\dev\lastproject\lastproject\ecs.cpp(3): error C2146: 구문 오류: ')'이(가) 'mGroup' 식별자 앞에 없습니다.
c:\dev\lastproject\lastproject\ecs.cpp(4): error C2143: 구문 오류: ';'이(가) '{' 앞에 없습니다.
c:\dev\lastproject\lastproject\ecs.cpp(4): error C2447: '{': 함수 헤더가 없습니다. 이전 스타일의 형식 목록입니까?
  Game.cpp
c:\dev\lastproject\lastproject\spritecomponent.h(88): error C2660: 'TextureManager::Draw': 함수는 4개의 매개 변수를 사용하지 않습니다.
  c:\dev\lastproject\lastproject\texturemanager.h(9): note: 'TextureManager::Draw' 선언을 참조하십시오.
c:\dev\lastproject\lastproject\tilecomponent.h(25): warning C4244: '=': 'int'에서 'float'(으)로 변환하면서 데이터가 손실될 수 있습니다.
c:\dev\lastproject\lastproject\tilecomponent.h(26): warning C4244: '=': 'int'에서 'float'(으)로 변환하면서 데이터가 손실될 수 있습니다.
c:\dev\lastproject\lastproject\tilecomponent.h(39): warning C4244: '=': 'float'에서 'int'(으)로 변환하면서 데이터가 손실될 수 있습니다.
c:\dev\lastproject\lastproject\tilecomponent.h(40): warning C4244: '=': 'float'에서 'int'(으)로 변환하면서 데이터가 손실될 수 있습니다.
c:\dev\lastproject\lastproject\tilecomponent.h(45): error C2660: 'TextureManager::Draw': 함수는 4개의 매개 변수를 사용하지 않습니다.
  c:\dev\lastproject\lastproject\texturemanager.h(9): note: 'TextureManager::Draw' 선언을 참조하십시오.
c:\dev\lastproject\lastproject\game.cpp(56): error C2039: 'addGroup': 'Entity'의 멤버가 아닙니다.
  c:\dev\lastproject\lastproject\ecs.h(43): note: 'Entity' 선언을 참조하십시오.
c:\dev\lastproject\lastproject\game.cpp(59): error C2039: 'getGroup': 'Manager'의 멤버가 아닙니다.
  c:\dev\lastproject\lastproject\ecs.h(91): note: 'Manager' 선언을 참조하십시오.
c:\dev\lastproject\lastproject\game.cpp(59): error C2119: 'tiles': 'auto &'에 대한 형식은 비어 있는 이니셜라이저에서 추론할 수 없습니다.
c:\dev\lastproject\lastproject\game.cpp(60): error C2039: 'getGroup': 'Manager'의 멤버가 아닙니다.
  c:\dev\lastproject\lastproject\ecs.h(91): note: 'Manager' 선언을 참조하십시오.
c:\dev\lastproject\lastproject\game.cpp(60): error C2119: 'players': 'auto &'에 대한 형식은 비어 있는 이니셜라이저에서 추론할 수 없습니다.
c:\dev\lastproject\lastproject\game.cpp(61): error C2039: 'getGroup': 'Manager'의 멤버가 아닙니다.
  c:\dev\lastproject\lastproject\ecs.h(91): note: 'Manager' 선언을 참조하십시오.
c:\dev\lastproject\lastproject\game.cpp(61): error C2119: 'colliders': 'auto &'에 대한 형식은 비어 있는 이니셜라이저에서 추론할 수 없습니다.
c:\dev\lastproject\lastproject\game.cpp(89): error C3312: no callable 'begin' function found for type 'int'
c:\dev\lastproject\lastproject\game.cpp(89): error C3312: no callable 'end' function found for type 'int'
c:\dev\lastproject\lastproject\game.cpp(90): error C2065: 'c': 선언되지 않은 식별자입니다.
c:\dev\lastproject\lastproject\game.cpp(90): error C2059: 구문 오류: ')'
c:\dev\lastproject\lastproject\game.cpp(98): warning C4244: '=': 'float'에서 'int'(으)로 변환하면서 데이터가 손실될 수 있습니다.
c:\dev\lastproject\lastproject\game.cpp(99): warning C4244: '=': 'float'에서 'int'(으)로 변환하면서 데이터가 손실될 수 있습니다.
c:\dev\lastproject\lastproject\game.cpp(115): error C3312: no callable 'begin' function found for type 'int'
c:\dev\lastproject\lastproject\game.cpp(115): error C3312: no callable 'end' function found for type 'int'
c:\dev\lastproject\lastproject\game.cpp(116): error C2065: 't': 선언되지 않은 식별자입니다.
c:\dev\lastproject\lastproject\game.cpp(122): error C3312: no callable 'begin' function found for type 'int'
c:\dev\lastproject\lastproject\game.cpp(122): error C3312: no callable 'end' function found for type 'int'
c:\dev\lastproject\lastproject\game.cpp(123): error C2065: 'p': 선언되지 않은 식별자입니다.
  Map.cpp
c:\dev\lastproject\lastproject\spritecomponent.h(88): error C2660: 'TextureManager::Draw': 함수는 4개의 매개 변수를 사용하지 않습니다.
  c:\dev\lastproject\lastproject\texturemanager.h(9): note: 'TextureManager::Draw' 선언을 참조하십시오.
c:\dev\lastproject\lastproject\tilecomponent.h(25): warning C4244: '=': 'int'에서 'float'(으)로 변환하면서 데이터가 손실될 수 있습니다.
c:\dev\lastproject\lastproject\tilecomponent.h(26): warning C4244: '=': 'int'에서 'float'(으)로 변환하면서 데이터가 손실될 수 있습니다.
c:\dev\lastproject\lastproject\tilecomponent.h(39): warning C4244: '=': 'float'에서 'int'(으)로 변환하면서 데이터가 손실될 수 있습니다.
c:\dev\lastproject\lastproject\tilecomponent.h(40): warning C4244: '=': 'float'에서 'int'(으)로 변환하면서 데이터가 손실될 수 있습니다.
c:\dev\lastproject\lastproject\tilecomponent.h(45): error C2660: 'TextureManager::Draw': 함수는 4개의 매개 변수를 사용하지 않습니다.
  c:\dev\lastproject\lastproject\texturemanager.h(9): note: 'TextureManager::Draw' 선언을 참조하십시오.
c:\dev\lastproject\lastproject\map.cpp(51): error C2039: 'addGroup': 'Entity'의 멤버가 아닙니다.
  c:\dev\lastproject\lastproject\ecs.h(43): note: 'Entity' 선언을 참조하십시오.
c:\dev\lastproject\lastproject\map.cpp(64): error C2039: 'addGroup': 'Entity'의 멤버가 아닙니다.
  c:\dev\lastproject\lastproject\ecs.h(43): note: 'Entity' 선언을 참조하십시오.
  TextureManager.cpp
  코드를 생성하고 있습니다...
